[0m21:22:01.642487 [debug] [MainThread]: Sending event: {'category': 'dbt', 'action': 'invocation', 'label': 'start', 'context': [<snowplow_tracker.self_describing_json.SelfDescribingJson object at 0x00000273DD776C90>, <snowplow_tracker.self_describing_json.SelfDescribingJson object at 0x00000273DD4C2AD0>, <snowplow_tracker.self_describing_json.SelfDescribingJson object at 0x00000273DD777B90>]}


============================== 21:22:01.642487 | cd506fdc-9aa7-4e28-8d31-8a8365fb560d ==============================
[0m21:22:01.642487 [info ] [MainThread]: Running with dbt=1.11.6
[0m21:22:01.642487 [debug] [MainThread]: running dbt with arguments {'version_check': 'True', 'no_print': 'None', 'static_parser': 'True', 'target_path': 'None', 'warn_error_options': 'WarnErrorOptionsV2(error=[], warn=[], silence=[])', 'printer_width': '80', 'write_json': 'True', 'empty': 'None', 'log_cache_events': 'False', 'introspect': 'True', 'cache_selected_only': 'False', 'fail_fast': 'False', 'debug': 'False', 'log_format': 'default', 'partial_parse': 'True', 'send_anonymous_usage_stats': 'True', 'quiet': 'False', 'warn_error': 'None', 'profiles_dir': 'C:\\Users\\Adrien\\.dbt', 'use_colors': 'True', 'indirect_selection': 'eager', 'invocation_command': 'dbt init meteo_pipeline', 'use_experimental_parser': 'False', 'log_path': 'logs'}
[0m21:22:01.660704 [info ] [MainThread]: Creating dbt configuration folder at C:\Users\Adrien\.dbt
[0m21:22:01.663001 [debug] [MainThread]: Starter project path: C:\Users\Adrien\Documents\data\meteo_france\.venv\Lib\site-packages\dbt\include\starter_project
[0m21:22:01.703342 [info ] [MainThread]: 
Your new dbt project "meteo_pipeline" was created!

For more information on how to configure the profiles.yml file,
please consult the dbt documentation here:

  https://docs.getdbt.com/docs/configure-your-profile

One more thing:

Need help? Don't hesitate to reach out to us via GitHub issues or on Slack:

  https://community.getdbt.com/

Happy modeling!

[0m21:22:01.704342 [info ] [MainThread]: Setting up your profile.
[0m21:22:45.942443 [error] [MainThread]: Encountered an error:

[0m21:22:45.942443 [error] [MainThread]: Traceback (most recent call last):
  File "C:\Users\Adrien\Documents\data\meteo_france\.venv\Lib\site-packages\dbt\cli\requires.py", line 182, in wrapper
    result, success = func(*args, **kwargs)
                      ^^^^^^^^^^^^^^^^^^^^^
  File "C:\Users\Adrien\Documents\data\meteo_france\.venv\Lib\site-packages\dbt\cli\requires.py", line 128, in wrapper
    return func(*args, **kwargs)
           ^^^^^^^^^^^^^^^^^^^^^
  File "C:\Users\Adrien\Documents\data\meteo_france\.venv\Lib\site-packages\dbt\cli\main.py", line 483, in init
    results = task.run()
              ^^^^^^^^^^
  File "C:\Users\Adrien\Documents\data\meteo_france\.venv\Lib\site-packages\dbt\task\init.py", line 346, in run
    self.setup_profile(profile_name)
  File "C:\Users\Adrien\Documents\data\meteo_france\.venv\Lib\site-packages\dbt\task\init.py", line 262, in setup_profile
    self.create_profile_from_target(adapter, profile_name=profile_name)
  File "C:\Users\Adrien\Documents\data\meteo_france\.venv\Lib\site-packages\dbt\task\init.py", line 179, in create_profile_from_target
    self.create_profile_from_profile_template(profile_template, profile_name)
  File "C:\Users\Adrien\Documents\data\meteo_france\.venv\Lib\site-packages\dbt\task\init.py", line 163, in create_profile_from_profile_template
    target = self.generate_target_from_input(prompts, initial_target)
             ^^^^^^^^^^^^^^^^^^^^^^^^^^^^^^^^^^^^^^^^^^^^^^^^^^^^^^^^
  File "C:\Users\Adrien\Documents\data\meteo_france\.venv\Lib\site-packages\dbt\task\init.py", line 129, in generate_target_from_input
    target[key] = click.prompt(
                  ^^^^^^^^^^^^^
  File "C:\Users\Adrien\Documents\data\meteo_france\.venv\Lib\site-packages\click\termui.py", line 171, in prompt
    value = prompt_func(prompt)
            ^^^^^^^^^^^^^^^^^^^
  File "C:\Users\Adrien\Documents\data\meteo_france\.venv\Lib\site-packages\click\termui.py", line 154, in prompt_func
    raise Abort() from None
click.exceptions.Abort

[0m21:22:45.942443 [debug] [MainThread]: Command `dbt init` failed at 21:22:45.942443 after 44.35 seconds
[0m21:22:45.942443 [debug] [MainThread]: Sending event: {'category': 'dbt', 'action': 'invocation', 'label': 'end', 'context': [<snowplow_tracker.self_describing_json.SelfDescribingJson object at 0x00000273D6A9BA50>, <snowplow_tracker.self_describing_json.SelfDescribingJson object at 0x00000273DD723750>, <snowplow_tracker.self_describing_json.SelfDescribingJson object at 0x00000273DD4C2B90>]}
[0m21:22:45.942443 [debug] [MainThread]: Flushing usage events
[0m21:22:46.372438 [debug] [MainThread]: An error was encountered while trying to flush usage events
[0m21:23:22.850808 [debug] [MainThread]: Sending event: {'category': 'dbt', 'action': 'invocation', 'label': 'start', 'context': [<snowplow_tracker.self_describing_json.SelfDescribingJson object at 0x0000021113E9B090>, <snowplow_tracker.self_describing_json.SelfDescribingJson object at 0x00000211176E2810>, <snowplow_tracker.self_describing_json.SelfDescribingJson object at 0x0000021117432A90>]}


============================== 21:23:22.852584 | 2c715cb8-d916-42f4-9ca5-0aaff9135ae7 ==============================
[0m21:23:22.852584 [info ] [MainThread]: Running with dbt=1.11.6
[0m21:23:22.852584 [debug] [MainThread]: running dbt with arguments {'static_parser': 'True', 'no_print': 'None', 'version_check': 'True', 'target_path': 'None', 'warn_error_options': 'WarnErrorOptionsV2(error=[], warn=[], silence=[])', 'printer_width': '80', 'write_json': 'True', 'empty': 'None', 'log_cache_events': 'False', 'introspect': 'True', 'cache_selected_only': 'False', 'log_format': 'default', 'debug': 'False', 'fail_fast': 'False', 'partial_parse': 'True', 'send_anonymous_usage_stats': 'True', 'quiet': 'False', 'warn_error': 'None', 'profiles_dir': 'C:\\Users\\Adrien\\.dbt', 'invocation_command': 'dbt init meteo_pipeline', 'indirect_selection': 'eager', 'use_colors': 'True', 'use_experimental_parser': 'False', 'log_path': 'logs'}
[0m21:23:22.867737 [debug] [MainThread]: Starter project path: C:\Users\Adrien\Documents\data\meteo_france\.venv\Lib\site-packages\dbt\include\starter_project
[0m21:23:22.877708 [info ] [MainThread]: 
Your new dbt project "meteo_pipeline" was created!

For more information on how to configure the profiles.yml file,
please consult the dbt documentation here:

  https://docs.getdbt.com/docs/configure-your-profile

One more thing:

Need help? Don't hesitate to reach out to us via GitHub issues or on Slack:

  https://community.getdbt.com/

Happy modeling!

[0m21:23:22.877708 [info ] [MainThread]: Setting up your profile.
[0m21:25:48.331636 [info ] [MainThread]: Profile meteo_pipeline written to C:\Users\Adrien\.dbt\profiles.yml using target's profile_template.yml and your supplied values. Run 'dbt debug' to validate the connection.
[0m21:25:48.331636 [debug] [MainThread]: Command `dbt init` succeeded at 21:25:48.331636 after 145.53 seconds
[0m21:25:48.331636 [debug] [MainThread]: Sending event: {'category': 'dbt', 'action': 'invocation', 'label': 'end', 'context': [<snowplow_tracker.self_describing_json.SelfDescribingJson object at 0x00000211173311D0>, <snowplow_tracker.self_describing_json.SelfDescribingJson object at 0x0000021110C8D650>, <snowplow_tracker.self_describing_json.SelfDescribingJson object at 0x0000021110C1E0D0>]}
[0m21:25:48.331636 [debug] [MainThread]: Flushing usage events
[0m21:25:48.742456 [debug] [MainThread]: An error was encountered while trying to flush usage events
[0m21:26:45.635849 [debug] [MainThread]: Sending event: {'category': 'dbt', 'action': 'invocation', 'label': 'start', 'context': [<snowplow_tracker.self_describing_json.SelfDescribingJson object at 0x000001E025603D50>, <snowplow_tracker.self_describing_json.SelfDescribingJson object at 0x000001E0259AFE50>, <snowplow_tracker.self_describing_json.SelfDescribingJson object at 0x000001E0259AF150>]}


============================== 21:26:45.638846 | e252286a-badb-429e-b9e4-4cbdf948d70e ==============================
[0m21:26:45.638846 [info ] [MainThread]: Running with dbt=1.11.6
[0m21:26:45.639846 [debug] [MainThread]: running dbt with arguments {'static_parser': 'True', 'no_print': 'None', 'version_check': 'True', 'warn_error_options': 'WarnErrorOptionsV2(error=[], warn=[], silence=[])', 'target_path': 'None', 'printer_width': '80', 'write_json': 'True', 'introspect': 'True', 'log_cache_events': 'False', 'empty': 'None', 'cache_selected_only': 'False', 'fail_fast': 'False', 'debug': 'False', 'log_format': 'default', 'partial_parse': 'True', 'send_anonymous_usage_stats': 'True', 'quiet': 'False', 'warn_error': 'None', 'profiles_dir': 'C:\\Users\\Adrien\\.dbt', 'invocation_command': 'dbt debug', 'use_colors': 'True', 'indirect_selection': 'eager', 'use_experimental_parser': 'False', 'log_path': 'logs'}
[0m21:26:45.649922 [info ] [MainThread]: dbt version: 1.11.6
[0m21:26:45.649922 [info ] [MainThread]: python version: 3.11.0
[0m21:26:45.650920 [info ] [MainThread]: python path: C:\Users\Adrien\Documents\data\meteo_france\.venv\Scripts\python.exe
[0m21:26:45.650920 [info ] [MainThread]: os info: Windows-10-10.0.19045-SP0
[0m21:26:45.681324 [info ] [MainThread]: Using profiles dir at C:\Users\Adrien\.dbt
[0m21:26:45.682144 [info ] [MainThread]: Using profiles.yml file at C:\Users\Adrien\.dbt\profiles.yml
[0m21:26:45.682144 [info ] [MainThread]: Using dbt_project.yml file at C:\Users\Adrien\Documents\data\meteo_france\dbt\dbt_project.yml
[0m21:26:45.682144 [info ] [MainThread]: adapter type: postgres
[0m21:26:45.682144 [info ] [MainThread]: adapter version: 1.10.0
[0m21:26:45.682144 [info ] [MainThread]: Configuration:
[0m21:26:45.682144 [info ] [MainThread]:   profiles.yml file [[32mOK found and valid[0m]
[0m21:26:45.682144 [info ] [MainThread]:   dbt_project.yml file [[31mERROR not found[0m]
[0m21:26:45.682144 [info ] [MainThread]: Required dependencies:
[0m21:26:45.682144 [debug] [MainThread]: Executing "git --help"
[0m21:26:45.708140 [debug] [MainThread]: STDOUT: "b"usage: git [-v | --version] [-h | --help] [-C <path>] [-c <name>=<value>]\n           [--exec-path[=<path>]] [--html-path] [--man-path] [--info-path]\n           [-p | --paginate | -P | --no-pager] [--no-replace-objects] [--no-lazy-fetch]\n           [--no-optional-locks] [--no-advice] [--bare] [--git-dir=<path>]\n           [--work-tree=<path>] [--namespace=<name>] [--config-env=<name>=<envvar>]\n           <command> [<args>]\n\nThese are common Git commands used in various situations:\n\nstart a working area (see also: git help tutorial)\n   clone      Clone a repository into a new directory\n   init       Create an empty Git repository or reinitialize an existing one\n\nwork on the current change (see also: git help everyday)\n   add        Add file contents to the index\n   mv         Move or rename a file, a directory, or a symlink\n   restore    Restore working tree files\n   rm         Remove files from the working tree and from the index\n\nexamine the history and state (see also: git help revisions)\n   bisect     Use binary search to find the commit that introduced a bug\n   diff       Show changes between commits, commit and working tree, etc\n   grep       Print lines matching a pattern\n   log        Show commit logs\n   show       Show various types of objects\n   status     Show the working tree status\n\ngrow, mark and tweak your common history\n   backfill   Download missing objects in a partial clone\n   branch     List, create, or delete branches\n   commit     Record changes to the repository\n   merge      Join two or more development histories together\n   rebase     Reapply commits on top of another base tip\n   reset      Reset current HEAD to the specified state\n   switch     Switch branches\n   tag        Create, list, delete or verify a tag object signed with GPG\n\ncollaborate (see also: git help workflows)\n   fetch      Download objects and refs from another repository\n   pull       Fetch from and integrate with another repository or a local branch\n   push       Update remote refs along with associated objects\n\n'git help -a' and 'git help -g' list available subcommands and some\nconcept guides. See 'git help <command>' or 'git help <concept>'\nto read about a specific subcommand or concept.\nSee 'git help git' for an overview of the system.\n""
[0m21:26:45.708140 [debug] [MainThread]: STDERR: "b''"
[0m21:26:45.708140 [info ] [MainThread]:  - git [[32mOK found[0m]

[0m21:26:45.708140 [info ] [MainThread]: Connection:
[0m21:26:45.708140 [info ] [MainThread]:   host: localhost
[0m21:26:45.710654 [info ] [MainThread]:   port: 5432
[0m21:26:45.710654 [info ] [MainThread]:   user: postgres
[0m21:26:45.710654 [info ] [MainThread]:   database: weather_db
[0m21:26:45.711667 [info ] [MainThread]:   schema: public
[0m21:26:45.711667 [info ] [MainThread]:   connect_timeout: 10
[0m21:26:45.712546 [info ] [MainThread]:   role: None
[0m21:26:45.712546 [info ] [MainThread]:   search_path: None
[0m21:26:45.712546 [info ] [MainThread]:   keepalives_idle: 0
[0m21:26:45.712546 [info ] [MainThread]:   sslmode: None
[0m21:26:45.712546 [info ] [MainThread]:   sslcert: None
[0m21:26:45.712546 [info ] [MainThread]:   sslkey: None
[0m21:26:45.712546 [info ] [MainThread]:   sslrootcert: None
[0m21:26:45.714929 [info ] [MainThread]:   application_name: dbt
[0m21:26:45.715149 [info ] [MainThread]:   retries: 1
[0m21:26:45.715149 [info ] [MainThread]: Registered adapter: postgres=1.10.0
[0m21:26:45.853680 [debug] [MainThread]: Acquiring new postgres connection 'debug'
[0m21:26:45.891511 [debug] [MainThread]: Using postgres connection "debug"
[0m21:26:45.892307 [debug] [MainThread]: On debug: select 1 as id
[0m21:26:45.892307 [debug] [MainThread]: Opening a new connection, currently in state init
[0m21:26:45.892307 [debug] [MainThread]: Postgres adapter: Error running SQL: select 1 as id
[0m21:26:45.892307 [debug] [MainThread]: Postgres adapter: Rolling back transaction.
[0m21:26:45.892307 [debug] [MainThread]: On debug: No close available on handle
[0m21:26:45.892307 [info ] [MainThread]:   Connection test: [[31mERROR[0m]

[0m21:26:45.892307 [info ] [MainThread]: [31m2 checks failed:[0m
[0m21:26:45.892307 [info ] [MainThread]: Project loading failed for the following reason:
 project path <C:\Users\Adrien\Documents\data\meteo_france\dbt\dbt_project.yml> not found

[0m21:26:45.892307 [info ] [MainThread]: dbt was unable to connect to the specified database.
The database returned the following error:

  >Database Error
  embedded null character

Check your database credentials and try again. For more information, visit:
https://docs.getdbt.com/docs/configure-your-profile


[0m21:26:45.892307 [debug] [MainThread]: Command `dbt debug` failed at 21:26:45.892307 after 0.32 seconds
[0m21:26:45.892307 [debug] [MainThread]: Connection 'debug' was properly closed.
[0m21:26:45.892307 [debug] [MainThread]: Sending event: {'category': 'dbt', 'action': 'invocation', 'label': 'end', 'context': [<snowplow_tracker.self_describing_json.SelfDescribingJson object at 0x000001E0259F5BD0>, <snowplow_tracker.self_describing_json.SelfDescribingJson object at 0x000001E01EF5D550>, <snowplow_tracker.self_describing_json.SelfDescribingJson object at 0x000001E01EF5D610>]}
[0m21:26:45.892307 [debug] [MainThread]: Flushing usage events
[0m21:26:46.322349 [debug] [MainThread]: An error was encountered while trying to flush usage events
